0 info it worked if it ends with ok
1 verbose cli [ '/usr/local/bin/node', '/usr/local/bin/npm', 'i', 'babel-node' ]
2 info using npm@2.15.8
3 info using node@v4.4.7
4 verbose install initial load of /Users/lishuna/git/study/ES6/package.json
5 warn package.json ES6@1.0.0 No description
6 warn package.json ES6@1.0.0 No repository field.
7 warn package.json ES6@1.0.0 No README data
8 verbose installManyTop reading scoped package data from /Users/lishuna/git/study/ES6/node_modules/babel-preset-es2015/package.json
9 verbose readDependencies loading dependencies from /Users/lishuna/git/study/ES6/package.json
10 silly cache add args [ 'babel-node', null ]
11 verbose cache add spec babel-node
12 silly cache add parsed spec Result {
12 silly cache add   raw: 'babel-node',
12 silly cache add   scope: null,
12 silly cache add   name: 'babel-node',
12 silly cache add   rawSpec: '',
12 silly cache add   spec: 'latest',
12 silly cache add   type: 'tag' }
13 silly addNamed babel-node@latest
14 verbose addNamed "latest" is being treated as a dist-tag for babel-node
15 info addNameTag [ 'babel-node', 'latest' ]
16 silly mapToRegistry name babel-node
17 silly mapToRegistry using default registry
18 silly mapToRegistry registry http://100.73.16.43:4873/
19 silly mapToRegistry data Result {
19 silly mapToRegistry   raw: 'babel-node',
19 silly mapToRegistry   scope: null,
19 silly mapToRegistry   name: 'babel-node',
19 silly mapToRegistry   rawSpec: '',
19 silly mapToRegistry   spec: 'latest',
19 silly mapToRegistry   type: 'tag' }
20 silly mapToRegistry uri http://100.73.16.43:4873/babel-node
21 verbose addNameTag registry:http://100.73.16.43:4873/babel-node not in flight; fetching
22 verbose request uri http://100.73.16.43:4873/babel-node
23 verbose request no auth needed
24 info attempt registry request try #1 at 22:54:08
25 verbose request id 399f239f147fd8d3
26 http request GET http://100.73.16.43:4873/babel-node
27 info retry will retry, error on last attempt: Error: connect ETIMEDOUT 100.73.16.43:4873
28 info attempt registry request try #2 at 22:55:34
29 http request GET http://100.73.16.43:4873/babel-node
30 info retry will retry, error on last attempt: Error: connect ETIMEDOUT 100.73.16.43:4873
31 info attempt registry request try #3 at 22:57:49
32 http request GET http://100.73.16.43:4873/babel-node
33 verbose stack Error: connect ETIMEDOUT 100.73.16.43:4873
33 verbose stack     at Object.exports._errnoException (util.js:873:11)
33 verbose stack     at exports._exceptionWithHostPort (util.js:896:20)
33 verbose stack     at TCPConnectWrap.afterConnect [as oncomplete] (net.js:1077:14)
34 verbose cwd /Users/lishuna/git/study/ES6
35 error Darwin 15.6.0
36 error argv "/usr/local/bin/node" "/usr/local/bin/npm" "i" "babel-node"
37 error node v4.4.7
38 error npm  v2.15.8
39 error code ETIMEDOUT
40 error errno ETIMEDOUT
41 error syscall connect
42 error network connect ETIMEDOUT 100.73.16.43:4873
42 error network This is most likely not a problem with npm itself
42 error network and is related to network connectivity.
42 error network In most cases you are behind a proxy or have bad network settings.
42 error network
42 error network If you are behind a proxy, please make sure that the
42 error network 'proxy' config is set properly.  See: 'npm help config'
43 verbose exit [ 1, true ]
